Running Gradle task 'assembleRelease'...                        
flutter : lib/config/theme
.dart:94:18: Error: The 
argument type 'CardTheme' 
can't be assigned to the 
parameter type 
'CardThemeData?'.
At line:1 char:1
+ flutter build apk 
--release > build_log.txt 
2>&1
+ ~~~~~~~~~~~~~~~~~~~~~~~~
~~~~~~~~~~~~~~~~~~~~~~~~
    + CategoryInfo        
      : NotSpecified: (l  
  ib/config/them...ardT   
 hemeData?'.:String) [    
], RemoteException
    + FullyQualifiedError 
   Id : NativeCommandErr  
  or
 
 - 'CardTheme' is from 'pa
ckage:flutter/src/material
/card_theme.dart' ('/C:/fl
utter/packages/flutter/lib
/src/material/card_theme.d
art').
 - 'CardThemeData' is 
from 'package:flutter/src/
material/card_theme.dart' 
('/C:/flutter/packages/flu
tter/lib/src/material/card
_theme.dart').
      cardTheme: 
CardTheme(
                 ^
lib/config/theme.dart:225:
18: Error: The argument 
type 'CardTheme' can't be 
assigned to the parameter 
type 'CardThemeData?'.
 - 'CardTheme' is from 'pa
ckage:flutter/src/material
/card_theme.dart' ('/C:/fl
utter/packages/flutter/lib
/src/material/card_theme.d
art').
 - 'CardThemeData' is 
from 'package:flutter/src/
material/card_theme.dart' 
('/C:/flutter/packages/flu
tter/lib/src/material/card
_theme.dart').
      cardTheme: 
CardTheme(
                 ^
Target 
kernel_snapshot_program 
failed: Exception


FAILURE: Build failed 
with an exception.

* What went wrong:
Execution failed for task 
':app:compileFlutterBuildR
elease'.
> Process 'command 'C:\flu
tter\bin\flutter.bat'' 
finished with non-zero 
exit value 1

* Try:
> Run with --stacktrace 
option to get the stack 
trace.
> Run with --info or 
--debug option to get 
more log output.
> Run with --scan to get 
full insights.
> Get more help at 
https://help.gradle.org.

BUILD FAILED in 12s
Running Gradle task 'assembleRelease'...                           12.7s
Gradle task 
assembleRelease failed 
with exit code 1
